<?xml version="1.0" encoding="UTF-8"?>
<!-- Generated by org.testng.reporters.JUnitXMLReporter -->
<testsuite hostname="PC-20160506OGFT" name="搜索" tests="1" failures="1" timestamp="29 Aug 2016 07:54:54 GMT" time="150.345" errors="0">
  <testcase name="searchDemo" time="108.668" classname="com.young.appiumcombat.testcases.search.SearchPage_001_SearchDemo_Test">
    <failure type="java.lang.AssertionError" message="The [下载] is not contains [Java]">
      <![CDATA[java.lang.AssertionError: The [下载] is not contains [Java]
	at com.young.appiumcombat.utils.AppiumUtil.isContains(AppiumUtil.java:361)
	at com.young.appiumcombat.pageshelper.SearchWebviewPageHelper.checkResultFitKeyword(SearchWebviewPageHelper.java:29)
	at com.young.appiumcombat.testcases.search.SearchPage_001_SearchDemo_Test.searchDemo(SearchPage_001_SearchDemo_Test.java:34)
	at java.util.concurrent.FutureTask.run(FutureTask.java:262)
	at java.util.concurrent.ThreadPoolExecutor.runWorker(ThreadPoolExecutor.java:1145)
	at java.util.concurrent.ThreadPoolExecutor$Worker.run(ThreadPoolExecutor.java:615)
	at java.lang.Thread.run(Thread.java:745)
... Removed 17 stack frames]]>
    </failure>
  </testcase> <!-- searchDemo -->
</testsuite> <!-- 搜索 -->
