<?xml version="1.0" encoding="UTF-8"?>
<testng-results skipped="0" failed="0" total="1" passed="1">
  <reporter-output>
  </reporter-output>
  <suite name="Default suite" duration-ms="40565" started-at="2016-09-07T08:07:10Z" finished-at="2016-09-07T08:07:50Z">
    <groups>
    </groups>
    <test name="Default test" duration-ms="40565" started-at="2016-09-07T08:07:10Z" finished-at="2016-09-07T08:07:50Z">
      <class name="com.young.appiumdemo.AppiumSeekBarTest">
        <test-method status="PASS" signature="startTest()[pri:0, instance:com.young.appiumdemo.AppiumSeekBarTest@4960e09f]" name="startTest" is-config="true" duration-ms="30614" started-at="2016-09-07T16:07:10Z" finished-at="2016-09-07T16:07:40Z">
          <reporter-output>
          </reporter-output>
        </test-method> <!-- startTest -->
        <test-method status="PASS" signature="testSeekbar()[pri:0, instance:com.young.appiumdemo.AppiumSeekBarTest@4960e09f]" name="testSeekbar" duration-ms="5898" started-at="2016-09-07T16:07:40Z" finished-at="2016-09-07T16:07:46Z">
          <reporter-output>
          </reporter-output>
        </test-method> <!-- testSeekbar -->
        <test-method status="PASS" signature="afterClass()[pri:0, instance:com.young.appiumdemo.AppiumSeekBarTest@4960e09f]" name="afterClass" is-config="true" duration-ms="4039" started-at="2016-09-07T16:07:46Z" finished-at="2016-09-07T16:07:50Z">
          <reporter-output>
          </reporter-output>
        </test-method> <!-- afterClass -->
      </class> <!-- com.young.appiumdemo.AppiumSeekBarTest -->
    </test> <!-- Default test -->
  </suite> <!-- Default suite -->
</testng-results>
