<?xml version="1.0" encoding="UTF-8"?>
<testng-results skipped="0" failed="0" total="1" passed="1">
  <reporter-output>
  </reporter-output>
  <suite name="Default suite" duration-ms="54275" started-at="2016-09-07T08:04:49Z" finished-at="2016-09-07T08:05:43Z">
    <groups>
    </groups>
    <test name="Default test" duration-ms="54275" started-at="2016-09-07T08:04:49Z" finished-at="2016-09-07T08:05:43Z">
      <class name="com.young.appiumdemo.AppiumSpinnerTest">
        <test-method status="PASS" signature="startTest()[pri:0, instance:com.young.appiumdemo.AppiumSpinnerTest@18c924b]" name="startTest" is-config="true" duration-ms="31612" started-at="2016-09-07T16:04:49Z" finished-at="2016-09-07T16:05:21Z">
          <reporter-output>
          </reporter-output>
        </test-method> <!-- startTest -->
        <test-method status="PASS" signature="testSpinner()[pri:0, instance:com.young.appiumdemo.AppiumSpinnerTest@18c924b]" name="testSpinner" duration-ms="18581" started-at="2016-09-07T16:05:21Z" finished-at="2016-09-07T16:05:39Z">
          <reporter-output>
          </reporter-output>
        </test-method> <!-- testSpinner -->
        <test-method status="PASS" signature="afterClass()[pri:0, instance:com.young.appiumdemo.AppiumSpinnerTest@18c924b]" name="afterClass" is-config="true" duration-ms="4070" started-at="2016-09-07T16:05:39Z" finished-at="2016-09-07T16:05:43Z">
          <reporter-output>
          </reporter-output>
        </test-method> <!-- afterClass -->
      </class> <!-- com.young.appiumdemo.AppiumSpinnerTest -->
    </test> <!-- Default test -->
  </suite> <!-- Default suite -->
</testng-results>
