<?xml version="1.0" encoding="UTF-8"?>
<testng-results skipped="0" failed="0" total="1" passed="1">
  <reporter-output>
  </reporter-output>
  <suite name="Default suite" duration-ms="34832" started-at="2016-09-07T06:30:09Z" finished-at="2016-09-07T06:30:44Z">
    <groups>
    </groups>
    <test name="Default test" duration-ms="34832" started-at="2016-09-07T06:30:09Z" finished-at="2016-09-07T06:30:44Z">
      <class name="com.young.appiumlocatedemo.AppiumLocateTestByClassName">
        <test-method status="PASS" signature="startTest()[pri:0, instance:com.young.appiumlocatedemo.AppiumLocateTestByClassName@55aee115]" name="startTest" is-config="true" duration-ms="20271" started-at="2016-09-07T14:30:09Z" finished-at="2016-09-07T14:30:29Z">
          <reporter-output>
          </reporter-output>
        </test-method> <!-- startTest -->
        <test-method status="PASS" signature="addContact()[pri:0, instance:com.young.appiumlocatedemo.AppiumLocateTestByClassName@55aee115]" name="addContact" duration-ms="10491" started-at="2016-09-07T14:30:29Z" finished-at="2016-09-07T14:30:40Z">
          <reporter-output>
          </reporter-output>
        </test-method> <!-- addContact -->
        <test-method status="PASS" signature="afterClass()[pri:0, instance:com.young.appiumlocatedemo.AppiumLocateTestByClassName@55aee115]" name="afterClass" is-config="true" duration-ms="4058" started-at="2016-09-07T14:30:40Z" finished-at="2016-09-07T14:30:44Z">
          <reporter-output>
          </reporter-output>
        </test-method> <!-- afterClass -->
      </class> <!-- com.young.appiumlocatedemo.AppiumLocateTestByClassName -->
    </test> <!-- Default test -->
  </suite> <!-- Default suite -->
</testng-results>
